<?xml version="1.0" encoding="UTF-8"?>
<!-- Generated by org.testng.reporters.JUnitReportReporter -->
<testsuite hostname="mukesh" failures="0" tests="2" name="Tests.InventoryTest" time="13.220" errors="0" timestamp="2025-09-03T16:22:06 IST" skipped="0">
  <testcase classname="Tests.InventoryTest" name="addItemThenVerifyButtonText" time="5.150"/>
  <testcase classname="Tests.InventoryTest" name="addItemToCartTest" time="8.070"/>
</testsuite> <!-- Tests.InventoryTest -->
