<?xml version="1.0" encoding="UTF-8"?>
<!-- Generated by org.testng.reporters.JUnitReportReporter -->
<testsuite hostname="mukesh" failures="0" tests="2" name="Tests.CheckoutTest" time="9.739" errors="0" timestamp="2025-09-03T16:22:06 IST" skipped="0">
  <testcase classname="Tests.CheckoutTest" name="checkoutWithMissingUserDetails" time="4.577"/>
  <testcase classname="Tests.CheckoutTest" name="completeCheckoutFlowSuccessfully" time="5.162"/>
</testsuite> <!-- Tests.CheckoutTest -->
