<?xml version="1.0" encoding="UTF-8"?>
<!-- Generated by org.testng.reporters.JUnitReportReporter -->
<testsuite hostname="mukesh" failures="0" tests="10" name="Tests.LoginTest" time="41.077" errors="0" timestamp="2025-09-03T16:22:06 IST" skipped="0">
  <testcase classname="Tests.LoginTest" name="invalidUsernameTest" time="3.610"/>
  <testcase classname="Tests.LoginTest" name="emptyPasswordTest" time="2.654"/>
  <testcase classname="Tests.LoginTest" name="sqlInjectionAttemptTest" time="7.799"/>
  <testcase classname="Tests.LoginTest" name="longUsernamePasswordTest" time="3.858"/>
  <testcase classname="Tests.LoginTest" name="emptyUsernameAndPasswordTest" time="3.163"/>
  <testcase classname="Tests.LoginTest" name="emptyUsernameTest" time="2.994"/>
  <testcase classname="Tests.LoginTest" name="lockedOutUserTest" time="3.500"/>
  <testcase classname="Tests.LoginTest" name="loginWithValidCredentials" time="2.841"/>
  <testcase classname="Tests.LoginTest" name="whitespaceInUsernamePasswordTest" time="7.124"/>
  <testcase classname="Tests.LoginTest" name="invalidPasswordTest" time="3.534"/>
</testsuite> <!-- Tests.LoginTest -->
