<?xml version="1.0" encoding="UTF-8"?>
<!-- Generated by org.testng.reporters.JUnitReportReporter -->
<testsuite hostname="mukesh" failures="0" tests="3" name="Tests.CartTest" time="26.144" errors="0" timestamp="2025-09-03T16:22:06 IST" skipped="0">
  <testcase classname="Tests.CartTest" name="removeItemAndCheckCartEmpty" time="11.545"/>
  <testcase classname="Tests.CartTest" name="tryProceedingToCheckoutWithoutItem" time="8.510"/>
  <testcase classname="Tests.CartTest" name="verifyItemAddedToCartAndProceedCheckout" time="6.089"/>
</testsuite> <!-- Tests.CartTest -->
